<?xml version="1.0" encoding="utf-8"?><testsuites name="pytest tests"><testsuite name="pytest" errors="0" failures="0" skipped="0" tests="17" time="9.568" timestamp="2026-07-04T16:47:25.797749+00:00" hostname="agent-env-19232e2e-7aec-470f-80bf-a67cb52d254d"><testcase classname="tests.backend_test" name="test_health" time="0.220" /><testcase classname="tests.backend_test" name="test_login_wrong_password" time="0.365" /><testcase classname="tests.backend_test" name="test_auth_me_no_token" time="0.131" /><testcase classname="tests.backend_test" name="test_auth_me_with_token" time="0.454" /><testcase classname="tests.backend_test" name="test_crud_cycle[hero-slides-payload0-update0]" time="0.896" /><testcase classname="tests.backend_test" name="test_crud_cycle[services-payload1-update1]" time="0.799" /><testcase classname="tests.backend_test" name="test_crud_cycle[projects-payload2-update2]" time="0.801" /><testcase classname="tests.backend_test" name="test_crud_cycle[products-payload3-update3]" time="0.810" /><testcase classname="tests.backend_test" name="test_crud_cycle[testimonials-payload4-update4]" time="0.814" /><testcase classname="tests.backend_test" name="test_crud_cycle[news-payload5-update5]" time="0.784" /><testcase classname="tests.backend_test" name="test_crud_cycle[clients-payload6-update6]" time="0.801" /><testcase classname="tests.backend_test" name="test_crud_cycle[statistics-payload7-update7]" time="0.815" /><testcase classname="tests.backend_test" name="test_upload_file" time="0.212" /><testcase classname="tests.backend_test" name="test_upload_requires_auth" time="0.098" /><testcase classname="tests.backend_test" name="test_contact_inbox_flow" time="0.604" /><testcase classname="tests.backend_test" name="test_settings_upsert" time="0.362" /><testcase classname="tests.backend_test" name="test_dashboard" time="0.102" /></testsuite></testsuites>